This file contains any messages produced by compilers while
running configure, to aid debugging if configure makes a mistake.

It was created by libdispatch configure 1.1, which was
generated by GNU Autoconf 2.69.  Invocation command line was

  $ ./configure 

## --------- ##
## Platform. ##
## --------- ##

hostname = lichaodeMacBook-Pro.local
uname -m = x86_64
uname -r = 17.7.0
uname -s = Darwin
uname -v = Darwin Kernel Version 17.7.0: Thu Jun 21 22:53:14 PDT 2018; root:xnu-4570.71.2~1/RELEASE_X86_64

/usr/bin/uname -p = i386
/bin/uname -X     = unknown

/bin/arch              = unknown
/usr/bin/arch -k       = unknown
/usr/convex/getsysinfo = unknown
/usr/bin/hostinfo      = Mach kernel version:
	 Darwin Kernel Version 17.7.0: Thu Jun 21 22:53:14 PDT 2018; root:xnu-4570.71.2~1/RELEASE_X86_64
Kernel configured for up to 4 processors.
2 processors are physically available.
4 processors are logically available.
Processor type: x86_64h (Intel x86-64h Haswell)
Processors active: 0 1 2 3
Primary memory available: 8.00 gigabytes
Default processor set: 495 tasks, 1801 threads, 4 processors
Load average: 2.42, Mach factor: 1.58
/bin/machine           = unknown
/usr/bin/oslevel       = unknown
/bin/universe          = unknown

PATH: /Users/lichao/.rvm/gems/ruby-2.2.4/bin
PATH: /Users/lichao/.rvm/gems/ruby-2.2.4@global/bin
PATH: /Users/lichao/.rvm/rubies/ruby-2.2.4/bin
PATH: /usr/local/bin
PATH: /usr/bin
PATH: /bin
PATH: /usr/sbin
PATH: /sbin
PATH: /Users/lichao/.rvm/bin


## ----------- ##
## Core tests. ##
## ----------- ##

configure:2489: checking whether to enable maintainer-specific portions of Makefiles
configure:2498: result: no
configure:2566: checking for System.framework/PrivateHeaders
configure:2578: result: no
configure:2670: checking for gcc
configure:2686: found /usr/bin/gcc
configure:2697: result: gcc
configure:2926: checking for C compiler version
configure:2935: gcc --version >&5
Apple LLVM version 10.0.0 (clang-1000.10.44.4)
Target: x86_64-apple-darwin17.7.0
Thread model: posix
InstalledDir: /Library/Developer/CommandLineTools/usr/bin
Configured with: --prefix=/Library/Developer/CommandLineTools/usr --with-gxx-include-dir=/usr/include/c++/4.2.1
configure:2946: $? = 0
configure:2935: gcc -v >&5
Configured with: --prefix=/Library/Developer/CommandLineTools/usr --with-gxx-include-dir=/usr/include/c++/4.2.1
Apple LLVM version 10.0.0 (clang-1000.10.44.4)
Target: x86_64-apple-darwin17.7.0
Thread model: posix
InstalledDir: /Library/Developer/CommandLineTools/usr/bin
configure:2946: $? = 0
configure:2935: gcc -V >&5
clang: error: argument to '-V' is missing (expected 1 value)
clang: error: no input files
configure:2946: $? = 1
configure:2935: gcc -qversion >&5
clang: error: unknown argument: '-qversion'
clang: error: no input files
configure:2946: $? = 1
configure:2966: checking whether the C compiler works
configure:2988: gcc    conftest.c  >&5
configure:2992: $? = 0
configure:3040: result: yes
configure:3043: checking for C compiler default output file name
configure:3045: result: a.out
configure:3051: checking for suffix of executables
configure:3058: gcc -o conftest    conftest.c  >&5
configure:3062: $? = 0
configure:3084: result: 
configure:3106: checking whether we are cross compiling
configure:3114: gcc -o conftest    conftest.c  >&5
configure:3118: $? = 0
configure:3125: ./conftest
configure:3129: $? = 0
configure:3144: result: no
configure:3149: checking for suffix of object files
configure:3171: gcc -c   conftest.c >&5
configure:3175: $? = 0
configure:3196: result: o
configure:3200: checking whether we are using the GNU C compiler
configure:3219: gcc -c   conftest.c >&5
configure:3219: $? = 0
configure:3228: result: yes
configure:3237: checking whether gcc accepts -g
configure:3257: gcc -c -g  conftest.c >&5
configure:3257: $? = 0
configure:3298: result: yes
configure:3315: checking for gcc option to accept ISO C89
configure:3378: gcc  -c -g -O2  conftest.c >&5
configure:3378: $? = 0
configure:3391: result: none needed
configure:3416: checking whether gcc understands -c and -o together
configure:3438: gcc -c conftest.c -o conftest2.o
configure:3441: $? = 0
configure:3438: gcc -c conftest.c -o conftest2.o
configure:3441: $? = 0
configure:3453: result: yes
configure:3476: checking how to run the C preprocessor
configure:3507: gcc -E  conftest.c
configure:3507: $? = 0
configure:3521: gcc -E  conftest.c
conftest.c:10:10: fatal error: 'ac_nonexistent.h' file not found
#include <ac_nonexistent.h>
         ^~~~~~~~~~~~~~~~~~
1 error generated.
configure:3521: $? = 1
configure: failed program was:
| /* confdefs.h */
| #define PACKAGE_NAME "libdispatch"
| #define PACKAGE_TARNAME "libdispatch"
| #define PACKAGE_VERSION "1.1"
| #define PACKAGE_STRING "libdispatch 1.1"
| #define PACKAGE_BUGREPORT "libdispatch@macosforge.org"
| #define PACKAGE_URL ""
| #define USE_LIBDISPATCH_INIT_CONSTRUCTOR 1
| /* end confdefs.h.  */
| #include <ac_nonexistent.h>
configure:3546: result: gcc -E
configure:3566: gcc -E  conftest.c
configure:3566: $? = 0
configure:3580: gcc -E  conftest.c
conftest.c:10:10: fatal error: 'ac_nonexistent.h' file not found
#include <ac_nonexistent.h>
         ^~~~~~~~~~~~~~~~~~
1 error generated.
configure:3580: $? = 1
configure: failed program was:
| /* confdefs.h */
| #define PACKAGE_NAME "libdispatch"
| #define PACKAGE_TARNAME "libdispatch"
| #define PACKAGE_VERSION "1.1"
| #define PACKAGE_STRING "libdispatch 1.1"
| #define PACKAGE_BUGREPORT "libdispatch@macosforge.org"
| #define PACKAGE_URL ""
| #define USE_LIBDISPATCH_INIT_CONSTRUCTOR 1
| /* end confdefs.h.  */
| #include <ac_nonexistent.h>
configure:3609: checking for grep that handles long lines and -e
configure:3667: result: /usr/bin/grep
configure:3672: checking for egrep
configure:3734: result: /usr/bin/grep -E
configure:3739: checking for ANSI C header files
configure:3759: gcc -c -g -O2  conftest.c >&5
configure:3759: $? = 0
configure:3832: gcc -o conftest -g -O2   conftest.c  >&5
configure:3832: $? = 0
configure:3832: ./conftest
configure:3832: $? = 0
configure:3843: result: yes
configure:3856: checking for sys/types.h
configure:3856: gcc -c -g -O2  conftest.c >&5
configure:3856: $? = 0
configure:3856: result: yes
configure:3856: checking for sys/stat.h
configure:3856: gcc -c -g -O2  conftest.c >&5
configure:3856: $? = 0
configure:3856: result: yes
configure:3856: checking for stdlib.h
configure:3856: gcc -c -g -O2  conftest.c >&5
configure:3856: $? = 0
configure:3856: result: yes
configure:3856: checking for string.h
configure:3856: gcc -c -g -O2  conftest.c >&5
configure:3856: $? = 0
configure:3856: result: yes
configure:3856: checking for memory.h
configure:3856: gcc -c -g -O2  conftest.c >&5
configure:3856: $? = 0
configure:3856: result: yes
configure:3856: checking for strings.h
configure:3856: gcc -c -g -O2  conftest.c >&5
configure:3856: $? = 0
configure:3856: result: yes
configure:3856: checking for inttypes.h
configure:3856: gcc -c -g -O2  conftest.c >&5
configure:3856: $? = 0
configure:3856: result: yes
configure:3856: checking for stdint.h
configure:3856: gcc -c -g -O2  conftest.c >&5
configure:3856: $? = 0
configure:3856: result: yes
configure:3856: checking for unistd.h
configure:3856: gcc -c -g -O2  conftest.c >&5
configure:3856: $? = 0
configure:3856: result: yes
configure:3869: checking minix/config.h usability
configure:3869: gcc -c -g -O2  conftest.c >&5
conftest.c:53:10: fatal error: 'minix/config.h' file not found
#include <minix/config.h>
         ^~~~~~~~~~~~~~~~
1 error generated.
configure:3869: $? = 1
configure: failed program was:
| /* confdefs.h */
| #define PACKAGE_NAME "libdispatch"
| #define PACKAGE_TARNAME "libdispatch"
| #define PACKAGE_VERSION "1.1"
| #define PACKAGE_STRING "libdispatch 1.1"
| #define PACKAGE_BUGREPORT "libdispatch@macosforge.org"
| #define PACKAGE_URL ""
| #define USE_LIBDISPATCH_INIT_CONSTRUCTOR 1
| #define STDC_HEADERS 1
| #define HAVE_SYS_TYPES_H 1
| #define HAVE_SYS_STAT_H 1
| #define HAVE_STDLIB_H 1
| #define HAVE_STRING_H 1
| #define HAVE_MEMORY_H 1
| #define HAVE_STRINGS_H 1
| #define HAVE_INTTYPES_H 1
| #define HAVE_STDINT_H 1
| #define HAVE_UNISTD_H 1
| /* end confdefs.h.  */
| #include <stdio.h>
| #ifdef HAVE_SYS_TYPES_H
| # include <sys/types.h>
| #endif
| #ifdef HAVE_SYS_STAT_H
| # include <sys/stat.h>
| #endif
| #ifdef STDC_HEADERS
| # include <stdlib.h>
| # include <stddef.h>
| #else
| # ifdef HAVE_STDLIB_H
| #  include <stdlib.h>
| # endif
| #endif
| #ifdef HAVE_STRING_H
| # if !defined STDC_HEADERS && defined HAVE_MEMORY_H
| #  include <memory.h>
| # endif
| # include <string.h>
| #endif
| #ifdef HAVE_STRINGS_H
| # include <strings.h>
| #endif
| #ifdef HAVE_INTTYPES_H
| # include <inttypes.h>
| #endif
| #ifdef HAVE_STDINT_H
| # include <stdint.h>
| #endif
| #ifdef HAVE_UNISTD_H
| # include <unistd.h>
| #endif
| #include <minix/config.h>
configure:3869: result: no
configure:3869: checking minix/config.h presence
configure:3869: gcc -E  conftest.c
conftest.c:20:10: fatal error: 'minix/config.h' file not found
#include <minix/config.h>
         ^~~~~~~~~~~~~~~~
1 error generated.
configure:3869: $? = 1
configure: failed program was:
| /* confdefs.h */
| #define PACKAGE_NAME "libdispatch"
| #define PACKAGE_TARNAME "libdispatch"
| #define PACKAGE_VERSION "1.1"
| #define PACKAGE_STRING "libdispatch 1.1"
| #define PACKAGE_BUGREPORT "libdispatch@macosforge.org"
| #define PACKAGE_URL ""
| #define USE_LIBDISPATCH_INIT_CONSTRUCTOR 1
| #define STDC_HEADERS 1
| #define HAVE_SYS_TYPES_H 1
| #define HAVE_SYS_STAT_H 1
| #define HAVE_STDLIB_H 1
| #define HAVE_STRING_H 1
| #define HAVE_MEMORY_H 1
| #define HAVE_STRINGS_H 1
| #define HAVE_INTTYPES_H 1
| #define HAVE_STDINT_H 1
| #define HAVE_UNISTD_H 1
| /* end confdefs.h.  */
| #include <minix/config.h>
configure:3869: result: no
configure:3869: checking for minix/config.h
configure:3869: result: no
configure:3890: checking whether it is safe to define __EXTENSIONS__
configure:3908: gcc -c -g -O2  conftest.c >&5
configure:3908: $? = 0
configure:3915: result: yes
configure:3977: checking for gcc
configure:4004: result: gcc
configure:4233: checking for C compiler version
configure:4242: gcc --version >&5
Apple LLVM version 10.0.0 (clang-1000.10.44.4)
Target: x86_64-apple-darwin17.7.0
Thread model: posix
InstalledDir: /Library/Developer/CommandLineTools/usr/bin
Configured with: --prefix=/Library/Developer/CommandLineTools/usr --with-gxx-include-dir=/usr/include/c++/4.2.1
configure:4253: $? = 0
configure:4242: gcc -v >&5
Configured with: --prefix=/Library/Developer/CommandLineTools/usr --with-gxx-include-dir=/usr/include/c++/4.2.1
Apple LLVM version 10.0.0 (clang-1000.10.44.4)
Target: x86_64-apple-darwin17.7.0
Thread model: posix
InstalledDir: /Library/Developer/CommandLineTools/usr/bin
configure:4253: $? = 0
configure:4242: gcc -V >&5
clang: error: argument to '-V' is missing (expected 1 value)
clang: error: no input files
configure:4253: $? = 1
configure:4242: gcc -qversion >&5
clang: error: unknown argument: '-qversion'
clang: error: no input files
configure:4253: $? = 1
configure:4257: checking whether we are using the GNU C compiler
configure:4285: result: yes
configure:4294: checking whether gcc accepts -g
configure:4355: result: yes
configure:4372: checking for gcc option to accept ISO C89
configure:4448: result: none needed
configure:4473: checking whether gcc understands -c and -o together
configure:4510: result: yes
configure:4585: checking for g++
configure:4601: found /usr/bin/g++
configure:4612: result: g++
configure:4639: checking for C++ compiler version
configure:4648: g++ --version >&5
Apple LLVM version 10.0.0 (clang-1000.10.44.4)
Target: x86_64-apple-darwin17.7.0
Thread model: posix
InstalledDir: /Library/Developer/CommandLineTools/usr/bin
Configured with: --prefix=/Library/Developer/CommandLineTools/usr --with-gxx-include-dir=/usr/include/c++/4.2.1
configure:4659: $? = 0
configure:4648: g++ -v >&5
Configured with: --prefix=/Library/Developer/CommandLineTools/usr --with-gxx-include-dir=/usr/include/c++/4.2.1
Apple LLVM version 10.0.0 (clang-1000.10.44.4)
Target: x86_64-apple-darwin17.7.0
Thread model: posix
InstalledDir: /Library/Developer/CommandLineTools/usr/bin
configure:4659: $? = 0
configure:4648: g++ -V >&5
clang: error: argument to '-V' is missing (expected 1 value)
clang: error: no input files
configure:4659: $? = 1
configure:4648: g++ -qversion >&5
clang: error: unknown argument: '-qversion'
clang: error: no input files
configure:4659: $? = 1
configure:4663: checking whether we are using the GNU C++ compiler
configure:4682: g++ -c   conftest.cpp >&5
configure:4682: $? = 0
configure:4691: result: yes
configure:4700: checking whether g++ accepts -g
configure:4720: g++ -c -g  conftest.cpp >&5
configure:4720: $? = 0
configure:4761: result: yes
configure:4798: checking for a BSD-compatible install
configure:4866: result: /usr/bin/install -c
configure:4906: checking build system type
configure:4920: result: x86_64-apple-darwin17.7.0
configure:4940: checking host system type
configure:4953: result: x86_64-apple-darwin17.7.0
configure:4994: checking how to print strings
configure:5021: result: printf
configure:5042: checking for a sed that does not truncate output
configure:5106: result: /usr/bin/sed
configure:5124: checking for fgrep
configure:5186: result: /usr/bin/grep -F
configure:5221: checking for ld used by gcc
configure:5288: result: /Library/Developer/CommandLineTools/usr/bin/ld
configure:5295: checking if the linker (/Library/Developer/CommandLineTools/usr/bin/ld) is GNU ld
configure:5310: result: no
configure:5322: checking for BSD- or MS-compatible name lister (nm)
configure:5376: result: /usr/bin/nm -B
configure:5506: checking the name lister (/usr/bin/nm -B) interface
configure:5513: gcc -c -g -O2  conftest.c >&5
configure:5516: /usr/bin/nm -B "conftest.o"
configure:5519: output
00000000000001d8 S _some_variable
configure:5526: result: BSD nm
configure:5529: checking whether ln -s works
configure:5533: result: yes
configure:5541: checking the maximum length of command line arguments
configure:5672: result: 196608
configure:5720: checking how to convert x86_64-apple-darwin17.7.0 file names to x86_64-apple-darwin17.7.0 format
configure:5760: result: func_convert_file_noop
configure:5767: checking how to convert x86_64-apple-darwin17.7.0 file names to toolchain format
configure:5787: result: func_convert_file_noop
configure:5794: checking for /Library/Developer/CommandLineTools/usr/bin/ld option to reload object files
configure:5801: result: -r
configure:5875: checking for objdump
configure:5891: found /usr/bin/objdump
configure:5902: result: objdump
configure:5934: checking how to recognize dependent libraries
configure:6134: result: pass_all
configure:6219: checking for dlltool
configure:6249: result: no
configure:6279: checking how to associate runtime and link libraries
configure:6306: result: printf %s\n
configure:6366: checking for ar
configure:6382: found /usr/bin/ar
configure:6393: result: ar
configure:6430: checking for archiver @FILE support
configure:6447: gcc -c -g -O2  conftest.c >&5
configure:6447: $? = 0
configure:6450: ar cru libconftest.a @conftest.lst >&5
ar: @conftest.lst: No such file or directory
configure:6453: $? = 1
configure:6473: result: no
configure:6531: checking for strip
configure:6547: found /usr/bin/strip
configure:6558: result: strip
configure:6630: checking for ranlib
configure:6646: found /usr/bin/ranlib
configure:6657: result: ranlib
configure:6734: checking for gawk
configure:6764: result: no
configure:6734: checking for mawk
configure:6764: result: no
configure:6734: checking for nawk
configure:6764: result: no
configure:6734: checking for awk
configure:6750: found /usr/bin/awk
configure:6761: result: awk
configure:6801: checking command to parse /usr/bin/nm -B output from gcc object
configure:6954: gcc -c -g -O2  conftest.c >&5
configure:6957: $? = 0
configure:6961: /usr/bin/nm -B conftest.o \| sed -n -e 's/^.*[ ]\([BCDEGRST][BCDEGRST]*\)[ ][ ]*\([_A-Za-z][_A-Za-z0-9]*\)$/\1 \2 \2/p' | sed '/ __gnu_lto/d' \> conftest.nm
configure:6964: $? = 0
cannot find nm_test_var in conftest.nm
configure:6954: gcc -c -g -O2  conftest.c >&5
configure:6957: $? = 0
configure:6961: /usr/bin/nm -B conftest.o \| sed -n -e 's/^.*[ ]\([BCDEGRST][BCDEGRST]*\)[ ][ ]*_\([_A-Za-z][_A-Za-z0-9]*\)$/\1 _\2 \2/p' | sed '/ __gnu_lto/d' \> conftest.nm
configure:6964: $? = 0
configure:7030: gcc -o conftest -g -O2   conftest.c conftstm.o >&5
warning: (x86_64)  could not find object file symbol for symbol _main
configure:7033: $? = 0
configure:7071: result: ok
configure:7118: checking for sysroot
configure:7148: result: no
configure:7155: checking for a working dd
configure:7193: result: /bin/dd
configure:7197: checking how to truncate binary pipes
configure:7212: result: /bin/dd bs=4096 count=1
configure:7541: checking for mt
configure:7571: result: no
configure:7591: checking if : is a manifest tool
configure:7597: : '-?'
configure:7605: result: no
configure:7661: checking for dsymutil
configure:7677: found /usr/bin/dsymutil
configure:7688: result: dsymutil
configure:7753: checking for nmedit
configure:7769: found /usr/bin/nmedit
configure:7780: result: nmedit
configure:7845: checking for lipo
configure:7861: found /usr/bin/lipo
configure:7872: result: lipo
configure:7937: checking for otool
configure:7953: found /usr/bin/otool
configure:7964: result: otool
configure:8029: checking for otool64
configure:8059: result: no
configure:8104: checking for -single_module linker flag
gcc -g -O2  -o libconftest.dylib -dynamiclib -Wl,-single_module conftest.c
configure:8137: result: yes
configure:8140: checking for -exported_symbols_list linker flag
configure:8160: gcc -o conftest -g -O2   -Wl,-exported_symbols_list,conftest.sym conftest.c  >&5
configure:8160: $? = 0
configure:8170: result: yes
configure:8173: checking for -force_load linker flag
gcc -g -O2 -c -o conftest.o conftest.c
ar cru libconftest.a conftest.o
ranlib libconftest.a
gcc -g -O2  -o conftest conftest.c -Wl,-force_load,./libconftest.a
configure:8205: result: yes
configure:8279: checking for dlfcn.h
configure:8279: gcc -c -g -O2  conftest.c >&5
configure:8279: $? = 0
configure:8279: result: yes
configure:8546: checking for objdir
configure:8561: result: .libs
configure:8825: checking if gcc supports -fno-rtti -fno-exceptions
configure:8843: gcc -c -g -O2  -fno-rtti -fno-exceptions conftest.c >&5
configure:8847: $? = 0
configure:8860: result: yes
configure:9218: checking for gcc option to produce PIC
configure:9225: result: -fno-common -DPIC
configure:9233: checking if gcc PIC flag -fno-common -DPIC works
configure:9251: gcc -c -g -O2  -fno-common -DPIC -DPIC conftest.c >&5
configure:9255: $? = 0
configure:9268: result: yes
configure:9297: checking if gcc static flag -static works
configure:9325: result: no
configure:9340: checking if gcc supports -c -o file.o
configure:9361: gcc -c -g -O2  -o out/conftest2.o conftest.c >&5
configure:9365: $? = 0
configure:9387: result: yes
configure:9395: checking if gcc supports -c -o file.o
configure:9442: result: yes
configure:9475: checking whether the gcc linker (/Library/Developer/CommandLineTools/usr/bin/ld) supports shared libraries
configure:10734: result: yes
configure:10974: checking dynamic linker characteristics
configure:11792: result: darwin17.7.0 dyld
configure:11914: checking how to hardcode library paths into programs
configure:11939: result: immediate
configure:12487: checking whether stripping libraries is possible
configure:12501: result: yes
configure:12527: checking if libtool supports shared libraries
configure:12529: result: yes
configure:12532: checking whether to build shared libraries
configure:12557: result: yes
configure:12560: checking whether to build static libraries
configure:12564: result: yes
configure:12587: checking how to run the C++ preprocessor
configure:12614: g++ -E  conftest.cpp
configure:12614: $? = 0
configure:12628: g++ -E  conftest.cpp
conftest.cpp:27:10: fatal error: 'ac_nonexistent.h' file not found
#include <ac_nonexistent.h>
         ^~~~~~~~~~~~~~~~~~
1 error generated.
configure:12628: $? = 1
configure: failed program was:
| /* confdefs.h */
| #define PACKAGE_NAME "libdispatch"
| #define PACKAGE_TARNAME "libdispatch"
| #define PACKAGE_VERSION "1.1"
| #define PACKAGE_STRING "libdispatch 1.1"
| #define PACKAGE_BUGREPORT "libdispatch@macosforge.org"
| #define PACKAGE_URL ""
| #define USE_LIBDISPATCH_INIT_CONSTRUCTOR 1
| #define STDC_HEADERS 1
| #define HAVE_SYS_TYPES_H 1
| #define HAVE_SYS_STAT_H 1
| #define HAVE_STDLIB_H 1
| #define HAVE_STRING_H 1
| #define HAVE_MEMORY_H 1
| #define HAVE_STRINGS_H 1
| #define HAVE_INTTYPES_H 1
| #define HAVE_STDINT_H 1
| #define HAVE_UNISTD_H 1
| #define __EXTENSIONS__ 1
| #define _ALL_SOURCE 1
| #define _GNU_SOURCE 1
| #define _POSIX_PTHREAD_SEMANTICS 1
| #define _TANDEM_SOURCE 1
| #define HAVE_DLFCN_H 1
| #define LT_OBJDIR ".libs/"
| /* end confdefs.h.  */
| #include <ac_nonexistent.h>
configure:12653: result: g++ -E
configure:12673: g++ -E  conftest.cpp
configure:12673: $? = 0
configure:12687: g++ -E  conftest.cpp
conftest.cpp:27:10: fatal error: 'ac_nonexistent.h' file not found
#include <ac_nonexistent.h>
         ^~~~~~~~~~~~~~~~~~
1 error generated.
configure:12687: $? = 1
configure: failed program was:
| /* confdefs.h */
| #define PACKAGE_NAME "libdispatch"
| #define PACKAGE_TARNAME "libdispatch"
| #define PACKAGE_VERSION "1.1"
| #define PACKAGE_STRING "libdispatch 1.1"
| #define PACKAGE_BUGREPORT "libdispatch@macosforge.org"
| #define PACKAGE_URL ""
| #define USE_LIBDISPATCH_INIT_CONSTRUCTOR 1
| #define STDC_HEADERS 1
| #define HAVE_SYS_TYPES_H 1
| #define HAVE_SYS_STAT_H 1
| #define HAVE_STDLIB_H 1
| #define HAVE_STRING_H 1
| #define HAVE_MEMORY_H 1
| #define HAVE_STRINGS_H 1
| #define HAVE_INTTYPES_H 1
| #define HAVE_STDINT_H 1
| #define HAVE_UNISTD_H 1
| #define __EXTENSIONS__ 1
| #define _ALL_SOURCE 1
| #define _GNU_SOURCE 1
| #define _POSIX_PTHREAD_SEMANTICS 1
| #define _TANDEM_SOURCE 1
| #define HAVE_DLFCN_H 1
| #define LT_OBJDIR ".libs/"
| /* end confdefs.h.  */
| #include <ac_nonexistent.h>
configure:12849: checking for ld used by g++
configure:12916: result: /Library/Developer/CommandLineTools/usr/bin/ld
configure:12923: checking if the linker (/Library/Developer/CommandLineTools/usr/bin/ld) is GNU ld
configure:12938: result: no
configure:12993: checking whether the g++ linker (/Library/Developer/CommandLineTools/usr/bin/ld) supports shared libraries
configure:14066: result: yes
configure:14102: g++ -c -g -O2  conftest.cpp >&5
configure:14105: $? = 0
configure:14586: checking for g++ option to produce PIC
configure:14593: result: -fno-common -DPIC
configure:14601: checking if g++ PIC flag -fno-common -DPIC works
configure:14619: g++ -c -g -O2  -fno-common -DPIC -DPIC conftest.cpp >&5
configure:14623: $? = 0
configure:14636: result: yes
configure:14659: checking if g++ static flag -static works
configure:14687: result: no
configure:14699: checking if g++ supports -c -o file.o
configure:14720: g++ -c -g -O2  -o out/conftest2.o conftest.cpp >&5
configure:14724: $? = 0
configure:14746: result: yes
configure:14751: checking if g++ supports -c -o file.o
configure:14798: result: yes
configure:14828: checking whether the g++ linker (/Library/Developer/CommandLineTools/usr/bin/ld) supports shared libraries
configure:14868: result: yes
configure:15009: checking dynamic linker characteristics
configure:15754: result: darwin17.7.0 dyld
configure:15819: checking how to hardcode library paths into programs
configure:15844: result: immediate
configure:15909: checking for mig
configure:15927: found /usr/bin/mig
configure:15939: result: /usr/bin/mig
configure:15953: checking for leaks
configure:15971: found /usr/bin/leaks
configure:15983: result: /usr/bin/leaks
configure:16000: checking whether build environment is sane
configure:16055: result: yes
configure:16203: checking for a thread-safe mkdir -p
configure:16242: result: config/install-sh -c -d
configure:16245: checking whether make sets $(MAKE)
configure:16267: result: yes
configure:16297: checking for style of include used by make
configure:16325: result: GNU
configure:16359: checking whether make supports nested variables
configure:16376: result: yes
configure:16461: checking dependency style of gcc
configure:16572: result: gcc3
configure:16589: checking dependency style of g++
configure:16700: result: gcc3
configure:16765: checking for gcc atomic builtins
configure:16784: gcc -o conftest -g -O2   conftest.c  >&5
configure:16784: $? = 0
configure:16814: result: yes
configure:16829: checking for library containing clock_gettime
configure:16860: gcc -o conftest -g -O2   conftest.c  >&5
configure:16860: $? = 0
configure:16877: result: none required
configure:16885: checking for library containing pthread_create
configure:16916: gcc -o conftest -g -O2   conftest.c  >&5
configure:16916: $? = 0
configure:16933: result: none required
configure:16994: checking for pkg-config
configure:17027: result: no
configure:17061: checking sys/event.h usability
configure:17061: gcc -c -g -O2  conftest.c >&5
configure:17061: $? = 0
configure:17061: result: yes
configure:17061: checking sys/event.h presence
configure:17061: gcc -E  conftest.c
configure:17061: $? = 0
configure:17061: result: yes
configure:17061: checking for sys/event.h
configure:17061: result: yes
configure:17159: checking for ANSI C header files
configure:17263: result: yes
configure:17274: checking TargetConditionals.h usability
configure:17274: gcc -c -g -O2  conftest.c >&5
configure:17274: $? = 0
configure:17274: result: yes
configure:17274: checking TargetConditionals.h presence
configure:17274: gcc -E  conftest.c
configure:17274: $? = 0
configure:17274: result: yes
configure:17274: checking for TargetConditionals.h
configure:17274: result: yes
configure:17274: checking pthread_np.h usability
configure:17274: gcc -c -g -O2  conftest.c >&5
conftest.c:65:10: fatal error: 'pthread_np.h' file not found
#include <pthread_np.h>
         ^~~~~~~~~~~~~~
1 error generated.
configure:17274: $? = 1
configure: failed program was:
| /* confdefs.h */
| #define PACKAGE_NAME "libdispatch"
| #define PACKAGE_TARNAME "libdispatch"
| #define PACKAGE_VERSION "1.1"
| #define PACKAGE_STRING "libdispatch 1.1"
| #define PACKAGE_BUGREPORT "libdispatch@macosforge.org"
| #define PACKAGE_URL ""
| #define USE_LIBDISPATCH_INIT_CONSTRUCTOR 1
| #define STDC_HEADERS 1
| #define HAVE_SYS_TYPES_H 1
| #define HAVE_SYS_STAT_H 1
| #define HAVE_STDLIB_H 1
| #define HAVE_STRING_H 1
| #define HAVE_MEMORY_H 1
| #define HAVE_STRINGS_H 1
| #define HAVE_INTTYPES_H 1
| #define HAVE_STDINT_H 1
| #define HAVE_UNISTD_H 1
| #define __EXTENSIONS__ 1
| #define _ALL_SOURCE 1
| #define _GNU_SOURCE 1
| #define _POSIX_PTHREAD_SEMANTICS 1
| #define _TANDEM_SOURCE 1
| #define HAVE_DLFCN_H 1
| #define LT_OBJDIR ".libs/"
| #define HAVE_LEAKS 1
| #define PACKAGE "libdispatch"
| #define VERSION "1.1"
| #define STDC_HEADERS 1
| #define HAVE_TARGETCONDITIONALS_H 1
| /* end confdefs.h.  */
| #include <stdio.h>
| #ifdef HAVE_SYS_TYPES_H
| # include <sys/types.h>
| #endif
| #ifdef HAVE_SYS_STAT_H
| # include <sys/stat.h>
| #endif
| #ifdef STDC_HEADERS
| # include <stdlib.h>
| # include <stddef.h>
| #else
| # ifdef HAVE_STDLIB_H
| #  include <stdlib.h>
| # endif
| #endif
| #ifdef HAVE_STRING_H
| # if !defined STDC_HEADERS && defined HAVE_MEMORY_H
| #  include <memory.h>
| # endif
| # include <string.h>
| #endif
| #ifdef HAVE_STRINGS_H
| # include <strings.h>
| #endif
| #ifdef HAVE_INTTYPES_H
| # include <inttypes.h>
| #endif
| #ifdef HAVE_STDINT_H
| # include <stdint.h>
| #endif
| #ifdef HAVE_UNISTD_H
| # include <unistd.h>
| #endif
| #include <pthread_np.h>
configure:17274: result: no
configure:17274: checking pthread_np.h presence
configure:17274: gcc -E  conftest.c
conftest.c:32:10: fatal error: 'pthread_np.h' file not found
#include <pthread_np.h>
         ^~~~~~~~~~~~~~
1 error generated.
configure:17274: $? = 1
configure: failed program was:
| /* confdefs.h */
| #define PACKAGE_NAME "libdispatch"
| #define PACKAGE_TARNAME "libdispatch"
| #define PACKAGE_VERSION "1.1"
| #define PACKAGE_STRING "libdispatch 1.1"
| #define PACKAGE_BUGREPORT "libdispatch@macosforge.org"
| #define PACKAGE_URL ""
| #define USE_LIBDISPATCH_INIT_CONSTRUCTOR 1
| #define STDC_HEADERS 1
| #define HAVE_SYS_TYPES_H 1
| #define HAVE_SYS_STAT_H 1
| #define HAVE_STDLIB_H 1
| #define HAVE_STRING_H 1
| #define HAVE_MEMORY_H 1
| #define HAVE_STRINGS_H 1
| #define HAVE_INTTYPES_H 1
| #define HAVE_STDINT_H 1
| #define HAVE_UNISTD_H 1
| #define __EXTENSIONS__ 1
| #define _ALL_SOURCE 1
| #define _GNU_SOURCE 1
| #define _POSIX_PTHREAD_SEMANTICS 1
| #define _TANDEM_SOURCE 1
| #define HAVE_DLFCN_H 1
| #define LT_OBJDIR ".libs/"
| #define HAVE_LEAKS 1
| #define PACKAGE "libdispatch"
| #define VERSION "1.1"
| #define STDC_HEADERS 1
| #define HAVE_TARGETCONDITIONALS_H 1
| /* end confdefs.h.  */
| #include <pthread_np.h>
configure:17274: result: no
configure:17274: checking for pthread_np.h
configure:17274: result: no
configure:17274: checking malloc/malloc.h usability
configure:17274: gcc -c -g -O2  conftest.c >&5
configure:17274: $? = 0
configure:17274: result: yes
configure:17274: checking malloc/malloc.h presence
configure:17274: gcc -E  conftest.c
configure:17274: $? = 0
configure:17274: result: yes
configure:17274: checking for malloc/malloc.h
configure:17274: result: yes
configure:17274: checking libkern/OSCrossEndian.h usability
configure:17274: gcc -c -g -O2  conftest.c >&5
conftest.c:66:10: fatal error: 'libkern/OSCrossEndian.h' file not found
#include <libkern/OSCrossEndian.h>
         ^~~~~~~~~~~~~~~~~~~~~~~~~
1 error generated.
configure:17274: $? = 1
configure: failed program was:
| /* confdefs.h */
| #define PACKAGE_NAME "libdispatch"
| #define PACKAGE_TARNAME "libdispatch"
| #define PACKAGE_VERSION "1.1"
| #define PACKAGE_STRING "libdispatch 1.1"
| #define PACKAGE_BUGREPORT "libdispatch@macosforge.org"
| #define PACKAGE_URL ""
| #define USE_LIBDISPATCH_INIT_CONSTRUCTOR 1
| #define STDC_HEADERS 1
| #define HAVE_SYS_TYPES_H 1
| #define HAVE_SYS_STAT_H 1
| #define HAVE_STDLIB_H 1
| #define HAVE_STRING_H 1
| #define HAVE_MEMORY_H 1
| #define HAVE_STRINGS_H 1
| #define HAVE_INTTYPES_H 1
| #define HAVE_STDINT_H 1
| #define HAVE_UNISTD_H 1
| #define __EXTENSIONS__ 1
| #define _ALL_SOURCE 1
| #define _GNU_SOURCE 1
| #define _POSIX_PTHREAD_SEMANTICS 1
| #define _TANDEM_SOURCE 1
| #define HAVE_DLFCN_H 1
| #define LT_OBJDIR ".libs/"
| #define HAVE_LEAKS 1
| #define PACKAGE "libdispatch"
| #define VERSION "1.1"
| #define STDC_HEADERS 1
| #define HAVE_TARGETCONDITIONALS_H 1
| #define HAVE_MALLOC_MALLOC_H 1
| /* end confdefs.h.  */
| #include <stdio.h>
| #ifdef HAVE_SYS_TYPES_H
| # include <sys/types.h>
| #endif
| #ifdef HAVE_SYS_STAT_H
| # include <sys/stat.h>
| #endif
| #ifdef STDC_HEADERS
| # include <stdlib.h>
| # include <stddef.h>
| #else
| # ifdef HAVE_STDLIB_H
| #  include <stdlib.h>
| # endif
| #endif
| #ifdef HAVE_STRING_H
| # if !defined STDC_HEADERS && defined HAVE_MEMORY_H
| #  include <memory.h>
| # endif
| # include <string.h>
| #endif
| #ifdef HAVE_STRINGS_H
| # include <strings.h>
| #endif
| #ifdef HAVE_INTTYPES_H
| # include <inttypes.h>
| #endif
| #ifdef HAVE_STDINT_H
| # include <stdint.h>
| #endif
| #ifdef HAVE_UNISTD_H
| # include <unistd.h>
| #endif
| #include <libkern/OSCrossEndian.h>
configure:17274: result: no
configure:17274: checking libkern/OSCrossEndian.h presence
configure:17274: gcc -E  conftest.c
conftest.c:33:10: fatal error: 'libkern/OSCrossEndian.h' file not found
#include <libkern/OSCrossEndian.h>
         ^~~~~~~~~~~~~~~~~~~~~~~~~
1 error generated.
configure:17274: $? = 1
configure: failed program was:
| /* confdefs.h */
| #define PACKAGE_NAME "libdispatch"
| #define PACKAGE_TARNAME "libdispatch"
| #define PACKAGE_VERSION "1.1"
| #define PACKAGE_STRING "libdispatch 1.1"
| #define PACKAGE_BUGREPORT "libdispatch@macosforge.org"
| #define PACKAGE_URL ""
| #define USE_LIBDISPATCH_INIT_CONSTRUCTOR 1
| #define STDC_HEADERS 1
| #define HAVE_SYS_TYPES_H 1
| #define HAVE_SYS_STAT_H 1
| #define HAVE_STDLIB_H 1
| #define HAVE_STRING_H 1
| #define HAVE_MEMORY_H 1
| #define HAVE_STRINGS_H 1
| #define HAVE_INTTYPES_H 1
| #define HAVE_STDINT_H 1
| #define HAVE_UNISTD_H 1
| #define __EXTENSIONS__ 1
| #define _ALL_SOURCE 1
| #define _GNU_SOURCE 1
| #define _POSIX_PTHREAD_SEMANTICS 1
| #define _TANDEM_SOURCE 1
| #define HAVE_DLFCN_H 1
| #define LT_OBJDIR ".libs/"
| #define HAVE_LEAKS 1
| #define PACKAGE "libdispatch"
| #define VERSION "1.1"
| #define STDC_HEADERS 1
| #define HAVE_TARGETCONDITIONALS_H 1
| #define HAVE_MALLOC_MALLOC_H 1
| /* end confdefs.h.  */
| #include <libkern/OSCrossEndian.h>
configure:17274: result: no
configure:17274: checking for libkern/OSCrossEndian.h
configure:17274: result: no
configure:17274: checking libkern/OSAtomic.h usability
configure:17274: gcc -c -g -O2  conftest.c >&5
configure:17274: $? = 0
configure:17274: result: yes
configure:17274: checking libkern/OSAtomic.h presence
configure:17274: gcc -E  conftest.c
configure:17274: $? = 0
configure:17274: result: yes
configure:17274: checking for libkern/OSAtomic.h
configure:17274: result: yes
configure:17295: checking pthread_machdep.h usability
configure:17295: gcc -c -g -O2  conftest.c >&5
conftest.c:67:10: fatal error: 'pthread_machdep.h' file not found
#include <pthread_machdep.h>
         ^~~~~~~~~~~~~~~~~~~
1 error generated.
configure:17295: $? = 1
configure: failed program was:
| /* confdefs.h */
| #define PACKAGE_NAME "libdispatch"
| #define PACKAGE_TARNAME "libdispatch"
| #define PACKAGE_VERSION "1.1"
| #define PACKAGE_STRING "libdispatch 1.1"
| #define PACKAGE_BUGREPORT "libdispatch@macosforge.org"
| #define PACKAGE_URL ""
| #define USE_LIBDISPATCH_INIT_CONSTRUCTOR 1
| #define STDC_HEADERS 1
| #define HAVE_SYS_TYPES_H 1
| #define HAVE_SYS_STAT_H 1
| #define HAVE_STDLIB_H 1
| #define HAVE_STRING_H 1
| #define HAVE_MEMORY_H 1
| #define HAVE_STRINGS_H 1
| #define HAVE_INTTYPES_H 1
| #define HAVE_STDINT_H 1
| #define HAVE_UNISTD_H 1
| #define __EXTENSIONS__ 1
| #define _ALL_SOURCE 1
| #define _GNU_SOURCE 1
| #define _POSIX_PTHREAD_SEMANTICS 1
| #define _TANDEM_SOURCE 1
| #define HAVE_DLFCN_H 1
| #define LT_OBJDIR ".libs/"
| #define HAVE_LEAKS 1
| #define PACKAGE "libdispatch"
| #define VERSION "1.1"
| #define STDC_HEADERS 1
| #define HAVE_TARGETCONDITIONALS_H 1
| #define HAVE_MALLOC_MALLOC_H 1
| #define HAVE_LIBKERN_OSATOMIC_H 1
| /* end confdefs.h.  */
| #include <stdio.h>
| #ifdef HAVE_SYS_TYPES_H
| # include <sys/types.h>
| #endif
| #ifdef HAVE_SYS_STAT_H
| # include <sys/stat.h>
| #endif
| #ifdef STDC_HEADERS
| # include <stdlib.h>
| # include <stddef.h>
| #else
| # ifdef HAVE_STDLIB_H
| #  include <stdlib.h>
| # endif
| #endif
| #ifdef HAVE_STRING_H
| # if !defined STDC_HEADERS && defined HAVE_MEMORY_H
| #  include <memory.h>
| # endif
| # include <string.h>
| #endif
| #ifdef HAVE_STRINGS_H
| # include <strings.h>
| #endif
| #ifdef HAVE_INTTYPES_H
| # include <inttypes.h>
| #endif
| #ifdef HAVE_STDINT_H
| # include <stdint.h>
| #endif
| #ifdef HAVE_UNISTD_H
| # include <unistd.h>
| #endif
| #include <pthread_machdep.h>
configure:17295: result: no
configure:17295: checking pthread_machdep.h presence
configure:17295: gcc -E  conftest.c
conftest.c:34:10: fatal error: 'pthread_machdep.h' file not found
#include <pthread_machdep.h>
         ^~~~~~~~~~~~~~~~~~~
1 error generated.
configure:17295: $? = 1
configure: failed program was:
| /* confdefs.h */
| #define PACKAGE_NAME "libdispatch"
| #define PACKAGE_TARNAME "libdispatch"
| #define PACKAGE_VERSION "1.1"
| #define PACKAGE_STRING "libdispatch 1.1"
| #define PACKAGE_BUGREPORT "libdispatch@macosforge.org"
| #define PACKAGE_URL ""
| #define USE_LIBDISPATCH_INIT_CONSTRUCTOR 1
| #define STDC_HEADERS 1
| #define HAVE_SYS_TYPES_H 1
| #define HAVE_SYS_STAT_H 1
| #define HAVE_STDLIB_H 1
| #define HAVE_STRING_H 1
| #define HAVE_MEMORY_H 1
| #define HAVE_STRINGS_H 1
| #define HAVE_INTTYPES_H 1
| #define HAVE_STDINT_H 1
| #define HAVE_UNISTD_H 1
| #define __EXTENSIONS__ 1
| #define _ALL_SOURCE 1
| #define _GNU_SOURCE 1
| #define _POSIX_PTHREAD_SEMANTICS 1
| #define _TANDEM_SOURCE 1
| #define HAVE_DLFCN_H 1
| #define LT_OBJDIR ".libs/"
| #define HAVE_LEAKS 1
| #define PACKAGE "libdispatch"
| #define VERSION "1.1"
| #define STDC_HEADERS 1
| #define HAVE_TARGETCONDITIONALS_H 1
| #define HAVE_MALLOC_MALLOC_H 1
| #define HAVE_LIBKERN_OSATOMIC_H 1
| /* end confdefs.h.  */
| #include <pthread_machdep.h>
configure:17295: result: no
configure:17295: checking for pthread_machdep.h
configure:17295: result: no
configure:17316: checking CoreServices/CoreServices.h usability
configure:17316: gcc -c -g -O2  conftest.c >&5
configure:17316: $? = 0
configure:17316: result: yes
configure:17316: checking CoreServices/CoreServices.h presence
configure:17316: gcc -E  conftest.c
configure:17316: $? = 0
configure:17316: result: yes
configure:17316: checking for CoreServices/CoreServices.h
configure:17316: result: yes
configure:17338: checking mach/mach.h usability
configure:17338: gcc -c -g -O2  conftest.c >&5
configure:17338: $? = 0
configure:17338: result: yes
configure:17338: checking mach/mach.h presence
configure:17338: gcc -E  conftest.c
configure:17338: $? = 0
configure:17338: result: yes
configure:17338: checking for mach/mach.h
configure:17338: result: yes
configure:17367: checking pthread_workqueue.h usability
configure:17367: gcc -c -g -O2  conftest.c >&5
conftest.c:69:10: fatal error: 'pthread_workqueue.h' file not found
#include <pthread_workqueue.h>
         ^~~~~~~~~~~~~~~~~~~~~
1 error generated.
configure:17367: $? = 1
configure: failed program was:
| /* confdefs.h */
| #define PACKAGE_NAME "libdispatch"
| #define PACKAGE_TARNAME "libdispatch"
| #define PACKAGE_VERSION "1.1"
| #define PACKAGE_STRING "libdispatch 1.1"
| #define PACKAGE_BUGREPORT "libdispatch@macosforge.org"
| #define PACKAGE_URL ""
| #define USE_LIBDISPATCH_INIT_CONSTRUCTOR 1
| #define STDC_HEADERS 1
| #define HAVE_SYS_TYPES_H 1
| #define HAVE_SYS_STAT_H 1
| #define HAVE_STDLIB_H 1
| #define HAVE_STRING_H 1
| #define HAVE_MEMORY_H 1
| #define HAVE_STRINGS_H 1
| #define HAVE_INTTYPES_H 1
| #define HAVE_STDINT_H 1
| #define HAVE_UNISTD_H 1
| #define __EXTENSIONS__ 1
| #define _ALL_SOURCE 1
| #define _GNU_SOURCE 1
| #define _POSIX_PTHREAD_SEMANTICS 1
| #define _TANDEM_SOURCE 1
| #define HAVE_DLFCN_H 1
| #define LT_OBJDIR ".libs/"
| #define HAVE_LEAKS 1
| #define PACKAGE "libdispatch"
| #define VERSION "1.1"
| #define STDC_HEADERS 1
| #define HAVE_TARGETCONDITIONALS_H 1
| #define HAVE_MALLOC_MALLOC_H 1
| #define HAVE_LIBKERN_OSATOMIC_H 1
| #define HAVE_MACH 1
| #define __DARWIN_NON_CANCELABLE 1
| /* end confdefs.h.  */
| #include <stdio.h>
| #ifdef HAVE_SYS_TYPES_H
| # include <sys/types.h>
| #endif
| #ifdef HAVE_SYS_STAT_H
| # include <sys/stat.h>
| #endif
| #ifdef STDC_HEADERS
| # include <stdlib.h>
| # include <stddef.h>
| #else
| # ifdef HAVE_STDLIB_H
| #  include <stdlib.h>
| # endif
| #endif
| #ifdef HAVE_STRING_H
| # if !defined STDC_HEADERS && defined HAVE_MEMORY_H
| #  include <memory.h>
| # endif
| # include <string.h>
| #endif
| #ifdef HAVE_STRINGS_H
| # include <strings.h>
| #endif
| #ifdef HAVE_INTTYPES_H
| # include <inttypes.h>
| #endif
| #ifdef HAVE_STDINT_H
| # include <stdint.h>
| #endif
| #ifdef HAVE_UNISTD_H
| # include <unistd.h>
| #endif
| #include <pthread_workqueue.h>
configure:17367: result: no
configure:17367: checking pthread_workqueue.h presence
configure:17367: gcc -E  conftest.c
conftest.c:36:10: fatal error: 'pthread_workqueue.h' file not found
#include <pthread_workqueue.h>
         ^~~~~~~~~~~~~~~~~~~~~
1 error generated.
configure:17367: $? = 1
configure: failed program was:
| /* confdefs.h */
| #define PACKAGE_NAME "libdispatch"
| #define PACKAGE_TARNAME "libdispatch"
| #define PACKAGE_VERSION "1.1"
| #define PACKAGE_STRING "libdispatch 1.1"
| #define PACKAGE_BUGREPORT "libdispatch@macosforge.org"
| #define PACKAGE_URL ""
| #define USE_LIBDISPATCH_INIT_CONSTRUCTOR 1
| #define STDC_HEADERS 1
| #define HAVE_SYS_TYPES_H 1
| #define HAVE_SYS_STAT_H 1
| #define HAVE_STDLIB_H 1
| #define HAVE_STRING_H 1
| #define HAVE_MEMORY_H 1
| #define HAVE_STRINGS_H 1
| #define HAVE_INTTYPES_H 1
| #define HAVE_STDINT_H 1
| #define HAVE_UNISTD_H 1
| #define __EXTENSIONS__ 1
| #define _ALL_SOURCE 1
| #define _GNU_SOURCE 1
| #define _POSIX_PTHREAD_SEMANTICS 1
| #define _TANDEM_SOURCE 1
| #define HAVE_DLFCN_H 1
| #define LT_OBJDIR ".libs/"
| #define HAVE_LEAKS 1
| #define PACKAGE "libdispatch"
| #define VERSION "1.1"
| #define STDC_HEADERS 1
| #define HAVE_TARGETCONDITIONALS_H 1
| #define HAVE_MALLOC_MALLOC_H 1
| #define HAVE_LIBKERN_OSATOMIC_H 1
| #define HAVE_MACH 1
| #define __DARWIN_NON_CANCELABLE 1
| /* end confdefs.h.  */
| #include <pthread_workqueue.h>
configure:17367: result: no
configure:17367: checking for pthread_workqueue.h
configure:17367: result: no
configure:17380: checking whether CLOCK_UPTIME is declared
configure:17380: gcc -c -g -O2  conftest.c >&5
conftest.c:45:10: error: use of undeclared identifier 'CLOCK_UPTIME'
  (void) CLOCK_UPTIME;
         ^
1 error generated.
configure:17380: $? = 1
configure: failed program was:
| /* confdefs.h */
| #define PACKAGE_NAME "libdispatch"
| #define PACKAGE_TARNAME "libdispatch"
| #define PACKAGE_VERSION "1.1"
| #define PACKAGE_STRING "libdispatch 1.1"
| #define PACKAGE_BUGREPORT "libdispatch@macosforge.org"
| #define PACKAGE_URL ""
| #define USE_LIBDISPATCH_INIT_CONSTRUCTOR 1
| #define STDC_HEADERS 1
| #define HAVE_SYS_TYPES_H 1
| #define HAVE_SYS_STAT_H 1
| #define HAVE_STDLIB_H 1
| #define HAVE_STRING_H 1
| #define HAVE_MEMORY_H 1
| #define HAVE_STRINGS_H 1
| #define HAVE_INTTYPES_H 1
| #define HAVE_STDINT_H 1
| #define HAVE_UNISTD_H 1
| #define __EXTENSIONS__ 1
| #define _ALL_SOURCE 1
| #define _GNU_SOURCE 1
| #define _POSIX_PTHREAD_SEMANTICS 1
| #define _TANDEM_SOURCE 1
| #define HAVE_DLFCN_H 1
| #define LT_OBJDIR ".libs/"
| #define HAVE_LEAKS 1
| #define PACKAGE "libdispatch"
| #define VERSION "1.1"
| #define STDC_HEADERS 1
| #define HAVE_TARGETCONDITIONALS_H 1
| #define HAVE_MALLOC_MALLOC_H 1
| #define HAVE_LIBKERN_OSATOMIC_H 1
| #define HAVE_MACH 1
| #define __DARWIN_NON_CANCELABLE 1
| /* end confdefs.h.  */
| #include <time.h>
| 
| int
| main ()
| {
| #ifndef CLOCK_UPTIME
| #ifdef __cplusplus
|   (void) CLOCK_UPTIME;
| #else
|   (void) CLOCK_UPTIME;
| #endif
| #endif
| 
|   ;
|   return 0;
| }
configure:17380: result: no
configure:17391: checking whether CLOCK_MONOTONIC is declared
configure:17391: gcc -c -g -O2  conftest.c >&5
configure:17391: $? = 0
configure:17391: result: yes
configure:17403: checking whether NOTE_NONE is declared
configure:17403: gcc -c -g -O2  conftest.c >&5
configure:17403: $? = 0
configure:17403: result: yes
configure:17414: checking whether NOTE_REAP is declared
configure:17414: gcc -c -g -O2  conftest.c >&5
configure:17414: $? = 0
configure:17414: result: yes
configure:17425: checking whether NOTE_SIGNAL is declared
configure:17425: gcc -c -g -O2  conftest.c >&5
configure:17425: $? = 0
configure:17425: result: yes
configure:17437: checking whether FD_COPY is declared
configure:17437: gcc -c -g -O2  conftest.c >&5
configure:17437: $? = 0
configure:17437: result: yes
configure:17449: checking whether SIGEMT is declared
configure:17449: gcc -c -g -O2  conftest.c >&5
configure:17449: $? = 0
configure:17449: result: yes
configure:17461: checking whether VQ_UPDATE is declared
configure:17461: gcc -c -g -O2  conftest.c >&5
configure:17461: $? = 0
configure:17461: result: yes
configure:17472: checking whether VQ_VERYLOWDISK is declared
configure:17472: gcc -c -g -O2  conftest.c >&5
configure:17472: $? = 0
configure:17472: result: yes
configure:17484: checking whether program_invocation_short_name is declared
configure:17484: gcc -c -g -O2  conftest.c >&5
conftest.c:54:10: error: use of undeclared identifier 'program_invocation_short_name'
  (void) program_invocation_short_name;
         ^
1 error generated.
configure:17484: $? = 1
configure: failed program was:
| /* confdefs.h */
| #define PACKAGE_NAME "libdispatch"
| #define PACKAGE_TARNAME "libdispatch"
| #define PACKAGE_VERSION "1.1"
| #define PACKAGE_STRING "libdispatch 1.1"
| #define PACKAGE_BUGREPORT "libdispatch@macosforge.org"
| #define PACKAGE_URL ""
| #define USE_LIBDISPATCH_INIT_CONSTRUCTOR 1
| #define STDC_HEADERS 1
| #define HAVE_SYS_TYPES_H 1
| #define HAVE_SYS_STAT_H 1
| #define HAVE_STDLIB_H 1
| #define HAVE_STRING_H 1
| #define HAVE_MEMORY_H 1
| #define HAVE_STRINGS_H 1
| #define HAVE_INTTYPES_H 1
| #define HAVE_STDINT_H 1
| #define HAVE_UNISTD_H 1
| #define __EXTENSIONS__ 1
| #define _ALL_SOURCE 1
| #define _GNU_SOURCE 1
| #define _POSIX_PTHREAD_SEMANTICS 1
| #define _TANDEM_SOURCE 1
| #define HAVE_DLFCN_H 1
| #define LT_OBJDIR ".libs/"
| #define HAVE_LEAKS 1
| #define PACKAGE "libdispatch"
| #define VERSION "1.1"
| #define STDC_HEADERS 1
| #define HAVE_TARGETCONDITIONALS_H 1
| #define HAVE_MALLOC_MALLOC_H 1
| #define HAVE_LIBKERN_OSATOMIC_H 1
| #define HAVE_MACH 1
| #define __DARWIN_NON_CANCELABLE 1
| #define HAVE_DECL_CLOCK_UPTIME 0
| #define HAVE_DECL_CLOCK_MONOTONIC 1
| #define HAVE_DECL_NOTE_NONE 1
| #define HAVE_DECL_NOTE_REAP 1
| #define HAVE_DECL_NOTE_SIGNAL 1
| #define HAVE_DECL_FD_COPY 1
| #define HAVE_DECL_SIGEMT 1
| #define HAVE_DECL_VQ_UPDATE 1
| #define HAVE_DECL_VQ_VERYLOWDISK 1
| /* end confdefs.h.  */
| #include <errno.h>
| 
| int
| main ()
| {
| #ifndef program_invocation_short_name
| #ifdef __cplusplus
|   (void) program_invocation_short_name;
| #else
|   (void) program_invocation_short_name;
| #endif
| #endif
| 
|   ;
|   return 0;
| }
configure:17484: result: no
configure:17499: checking for pthread_key_init_np
configure:17499: gcc -o conftest -g -O2   conftest.c  >&5
configure:17499: $? = 0
configure:17499: result: yes
configure:17499: checking for pthread_main_np
configure:17499: gcc -o conftest -g -O2   conftest.c  >&5
configure:17499: $? = 0
configure:17499: result: yes
configure:17499: checking for mach_absolute_time
configure:17499: gcc -o conftest -g -O2   conftest.c  >&5
configure:17499: $? = 0
configure:17499: result: yes
configure:17499: checking for malloc_create_zone
configure:17499: gcc -o conftest -g -O2   conftest.c  >&5
configure:17499: $? = 0
configure:17499: result: yes
configure:17499: checking for sysconf
configure:17499: gcc -o conftest -g -O2   conftest.c  >&5
configure:17499: $? = 0
configure:17499: result: yes
configure:17499: checking for getprogname
configure:17499: gcc -o conftest -g -O2   conftest.c  >&5
configure:17499: $? = 0
configure:17499: result: yes
configure:17509: checking whether POSIX_SPAWN_START_SUSPENDED is declared
configure:17509: gcc -c -g -O2  conftest.c >&5
configure:17509: $? = 0
configure:17509: result: yes
configure:17536: checking for sem_init
configure:17536: gcc -o conftest -g -O2   conftest.c  >&5
configure:17536: $? = 0
configure:17536: result: yes
configure:17549: checking what semaphore type to use
configure:17555: result: Mach semaphores
configure:17570: checking for sys/cdefs.h
configure:17570: gcc -c -g -O2  conftest.c >&5
configure:17570: $? = 0
configure:17570: result: yes
configure:17602: checking for C Blocks support
configure:17621: gcc -c -g -O2 -fblocks  conftest.c >&5
configure:17621: $? = 0
configure:17635: result: -fblocks
configure:17650: checking whether additional libraries are required for the Blocks runtime
configure:17665: gcc -o conftest -g -O2 -fblocks -O0   conftest.c  >&5
configure:17665: $? = 0
configure:17667: result: no
configure:17732: checking for C++ Blocks support
configure:17751: g++ -c -g -O2 -fblocks  conftest.cpp >&5
configure:17751: $? = 0
configure:17765: result: -fblocks
configure:17774: checking whether additional libraries are required for the Blocks runtime
configure:17789: g++ -o conftest -g -O2 -fblocks -O0   conftest.cpp  >&5
configure:17789: $? = 0
configure:17791: result: no
configure:17853: checking for -fvisibility=hidden
configure:17873: gcc -o conftest -g -O2 -fvisibility=hidden   conftest.c  >&5
configure:17873: $? = 0
configure:17883: result: yes
configure:17892: checking for -momit-leaf-frame-pointer
configure:17912: gcc -o conftest -g -O2 -momit-leaf-frame-pointer   conftest.c  >&5
configure:17912: $? = 0
configure:17922: result: yes
configure:17931: checking for darwin linker
configure:17951: gcc -o conftest -g -O2   -dynamiclib -compatibility_version 1.2.3 -current_version 4.5.6 conftest.c  >&5
configure:17951: $? = 0
configure:17961: result: yes
configure:17988: gcc -c -g -O2  conftest.c >&5
configure:17988: $? = 0
configure:18119: checking that generated files are newer than configure
configure:18125: result: done
configure:18176: creating ./config.status

## ---------------------- ##
## Running config.status. ##
## ---------------------- ##

This file was extended by libdispatch config.status 1.1, which was
generated by GNU Autoconf 2.69.  Invocation command line was

  CONFIG_FILES    = 
  CONFIG_HEADERS  = 
  CONFIG_LINKS    = 
  CONFIG_COMMANDS = 
  $ ./config.status 

on lichaodeMacBook-Pro.local

config.status:1211: creating Makefile
config.status:1211: creating dispatch/Makefile
config.status:1211: creating man/Makefile
config.status:1211: creating private/Makefile
config.status:1211: creating src/Makefile
config.status:1211: creating config/config.h
config.status:1440: executing libtool commands
config.status:1440: executing depfiles commands

## ---------------- ##
## Cache variables. ##
## ---------------- ##

ac_cv_build=x86_64-apple-darwin17.7.0
ac_cv_c_compiler_gnu=yes
ac_cv_cxx_compiler_gnu=yes
ac_cv_env_CCC_set=
ac_cv_env_CCC_value=
ac_cv_env_CC_set=
ac_cv_env_CC_value=
ac_cv_env_CFLAGS_set=
ac_cv_env_CFLAGS_value=
ac_cv_env_CPPFLAGS_set=
ac_cv_env_CPPFLAGS_value=
ac_cv_env_CPP_set=
ac_cv_env_CPP_value=
ac_cv_env_CXXCPP_set=
ac_cv_env_CXXCPP_value=
ac_cv_env_CXXFLAGS_set=
ac_cv_env_CXXFLAGS_value=
ac_cv_env_CXX_set=
ac_cv_env_CXX_value=
ac_cv_env_KQUEUE_CFLAGS_set=
ac_cv_env_KQUEUE_CFLAGS_value=
ac_cv_env_KQUEUE_LIBS_set=
ac_cv_env_KQUEUE_LIBS_value=
ac_cv_env_LDFLAGS_set=
ac_cv_env_LDFLAGS_value=
ac_cv_env_LIBS_set=
ac_cv_env_LIBS_value=
ac_cv_env_LT_SYS_LIBRARY_PATH_set=
ac_cv_env_LT_SYS_LIBRARY_PATH_value=
ac_cv_env_PKG_CONFIG_set=
ac_cv_env_PKG_CONFIG_value=
ac_cv_env_build_alias_set=
ac_cv_env_build_alias_value=
ac_cv_env_host_alias_set=
ac_cv_env_host_alias_value=
ac_cv_env_target_alias_set=
ac_cv_env_target_alias_value=
ac_cv_func_getprogname=yes
ac_cv_func_mach_absolute_time=yes
ac_cv_func_malloc_create_zone=yes
ac_cv_func_pthread_key_init_np=yes
ac_cv_func_pthread_main_np=yes
ac_cv_func_sem_init=yes
ac_cv_func_sysconf=yes
ac_cv_have_decl_CLOCK_MONOTONIC=yes
ac_cv_have_decl_CLOCK_UPTIME=no
ac_cv_have_decl_FD_COPY=yes
ac_cv_have_decl_NOTE_NONE=yes
ac_cv_have_decl_NOTE_REAP=yes
ac_cv_have_decl_NOTE_SIGNAL=yes
ac_cv_have_decl_POSIX_SPAWN_START_SUSPENDED=yes
ac_cv_have_decl_SIGEMT=yes
ac_cv_have_decl_VQ_UPDATE=yes
ac_cv_have_decl_VQ_VERYLOWDISK=yes
ac_cv_have_decl_program_invocation_short_name=no
ac_cv_header_CoreServices_CoreServices_h=yes
ac_cv_header_TargetConditionals_h=yes
ac_cv_header_dlfcn_h=yes
ac_cv_header_inttypes_h=yes
ac_cv_header_libkern_OSAtomic_h=yes
ac_cv_header_libkern_OSCrossEndian_h=no
ac_cv_header_mach_mach_h=yes
ac_cv_header_malloc_malloc_h=yes
ac_cv_header_memory_h=yes
ac_cv_header_minix_config_h=no
ac_cv_header_pthread_machdep_h=no
ac_cv_header_pthread_np_h=no
ac_cv_header_pthread_workqueue_h=no
ac_cv_header_stdc=yes
ac_cv_header_stdint_h=yes
ac_cv_header_stdlib_h=yes
ac_cv_header_string_h=yes
ac_cv_header_strings_h=yes
ac_cv_header_sys_cdefs_h=yes
ac_cv_header_sys_event_h=yes
ac_cv_header_sys_stat_h=yes
ac_cv_header_sys_types_h=yes
ac_cv_header_unistd_h=yes
ac_cv_host=x86_64-apple-darwin17.7.0
ac_cv_objext=o
ac_cv_path_EGREP='/usr/bin/grep -E'
ac_cv_path_FGREP='/usr/bin/grep -F'
ac_cv_path_GREP=/usr/bin/grep
ac_cv_path_LEAKS=/usr/bin/leaks
ac_cv_path_MIG=/usr/bin/mig
ac_cv_path_SED=/usr/bin/sed
ac_cv_path_install='/usr/bin/install -c'
ac_cv_path_lt_DD=/bin/dd
ac_cv_prog_AWK=awk
ac_cv_prog_CPP='gcc -E'
ac_cv_prog_CXXCPP='g++ -E'
ac_cv_prog_ac_ct_AR=ar
ac_cv_prog_ac_ct_CC=gcc
ac_cv_prog_ac_ct_CXX=g++
ac_cv_prog_ac_ct_DSYMUTIL=dsymutil
ac_cv_prog_ac_ct_LIPO=lipo
ac_cv_prog_ac_ct_NMEDIT=nmedit
ac_cv_prog_ac_ct_OBJDUMP=objdump
ac_cv_prog_ac_ct_OTOOL=otool
ac_cv_prog_ac_ct_RANLIB=ranlib
ac_cv_prog_ac_ct_STRIP=strip
ac_cv_prog_cc_c89=
ac_cv_prog_cc_g=yes
ac_cv_prog_cxx_g=yes
ac_cv_prog_make_make_set=yes
ac_cv_safe_to_define___extensions__=yes
ac_cv_search_clock_gettime='none required'
ac_cv_search_pthread_create='none required'
am_cv_CC_dependencies_compiler_type=gcc3
am_cv_CXX_dependencies_compiler_type=gcc3
am_cv_make_support_nested_variables=yes
am_cv_prog_cc_c_o=yes
dispatch_cv_atomic=yes
dispatch_cv_cblocks=-fblocks
dispatch_cv_cc_omit_leaf_fp=yes
dispatch_cv_cc_visibility_hidden=yes
dispatch_cv_cxxblocks=-fblocks
dispatch_cv_ld_darwin=yes
dispatch_cv_system_privateheaders=no
lt_cv_apple_cc_single_mod=yes
lt_cv_ar_at_file=no
lt_cv_deplibs_check_method=pass_all
lt_cv_file_magic_cmd='$MAGIC_CMD'
lt_cv_file_magic_test_file=
lt_cv_ld_exported_symbols_list=yes
lt_cv_ld_force_load=yes
lt_cv_ld_reload_flag=-r
lt_cv_nm_interface='BSD nm'
lt_cv_objdir=.libs
lt_cv_path_LD=/Library/Developer/CommandLineTools/usr/bin/ld
lt_cv_path_LDCXX=/Library/Developer/CommandLineTools/usr/bin/ld
lt_cv_path_NM='/usr/bin/nm -B'
lt_cv_path_mainfest_tool=no
lt_cv_prog_compiler_c_o=yes
lt_cv_prog_compiler_c_o_CXX=yes
lt_cv_prog_compiler_pic='-fno-common -DPIC'
lt_cv_prog_compiler_pic_CXX='-fno-common -DPIC'
lt_cv_prog_compiler_pic_works=yes
lt_cv_prog_compiler_pic_works_CXX=yes
lt_cv_prog_compiler_rtti_exceptions=yes
lt_cv_prog_compiler_static_works=no
lt_cv_prog_compiler_static_works_CXX=no
lt_cv_prog_gnu_ld=no
lt_cv_prog_gnu_ldcxx=no
lt_cv_sharedlib_from_linklib_cmd='printf %s\n'
lt_cv_sys_global_symbol_pipe='sed -n -e '\''s/^.*[	 ]\([BCDEGRST][BCDEGRST]*\)[	 ][	 ]*_\([_A-Za-z][_A-Za-z0-9]*\)$/\1 _\2 \2/p'\'' | sed '\''/ __gnu_lto/d'\'''
lt_cv_sys_global_symbol_to_c_name_address='sed -n -e '\''s/^: \(.*\) .*$/  {"\1", (void *) 0},/p'\'' -e '\''s/^[BCDEGRST][BCDEGRST]* .* \(.*\)$/  {"\1", (void *) \&\1},/p'\'''
lt_cv_sys_global_symbol_to_c_name_address_lib_prefix='sed -n -e '\''s/^: \(.*\) .*$/  {"\1", (void *) 0},/p'\'' -e '\''s/^[BCDEGRST][BCDEGRST]* .* \(lib.*\)$/  {"\1", (void *) \&\1},/p'\'' -e '\''s/^[BCDEGRST][BCDEGRST]* .* \(.*\)$/  {"lib\1", (void *) \&\1},/p'\'''
lt_cv_sys_global_symbol_to_cdecl='sed -n -e '\''s/^T .* \(.*\)$/extern int \1();/p'\'' -e '\''s/^[BCDEGRST][BCDEGRST]* .* \(.*\)$/extern char \1;/p'\'''
lt_cv_sys_global_symbol_to_import=
lt_cv_sys_max_cmd_len=196608
lt_cv_to_host_file_cmd=func_convert_file_noop
lt_cv_to_tool_file_cmd=func_convert_file_noop
lt_cv_truncate_bin='/bin/dd bs=4096 count=1'

## ----------------- ##
## Output variables. ##
## ----------------- ##

ACLOCAL='${SHELL} /Users/lichao/Downloads/libdispatch-187.10/config/missing aclocal-1.15'
AMDEPBACKSLASH='\'
AMDEP_FALSE='#'
AMDEP_TRUE=''
AMTAR='$${TAR-tar}'
AM_BACKSLASH='\'
AM_DEFAULT_V='$(AM_DEFAULT_VERBOSITY)'
AM_DEFAULT_VERBOSITY='1'
AM_V='$(V)'
APPLE_LIBCLOSURE_SOURCE_PATH=''
APPLE_LIBC_SOURCE_PATH=''
APPLE_XNU_SOURCE_PATH=''
APPLE_XNU_SOURCE_SYSTEM_PATH=''
AR='ar'
AUTOCONF='${SHELL} /Users/lichao/Downloads/libdispatch-187.10/config/missing autoconf'
AUTOHEADER='${SHELL} /Users/lichao/Downloads/libdispatch-187.10/config/missing autoheader'
AUTOMAKE='${SHELL} /Users/lichao/Downloads/libdispatch-187.10/config/missing automake-1.15'
AWK='awk'
CBLOCKS_FLAGS='-fblocks'
CC='gcc'
CCDEPMODE='depmode=gcc3'
CFLAGS='-g -O2'
CPP='gcc -E'
CPPFLAGS=''
CXX='g++'
CXXBLOCKS_FLAGS='-fblocks'
CXXCPP='g++ -E'
CXXDEPMODE='depmode=gcc3'
CXXFLAGS='-g -O2'
CYGPATH_W='echo'
DEFS='-DHAVE_CONFIG_H'
DEPDIR='.deps'
DLLTOOL='false'
DSYMUTIL='dsymutil'
DUMPBIN=''
ECHO_C='\c'
ECHO_N=''
ECHO_T=''
EGREP='/usr/bin/grep -E'
EXEEXT=''
FGREP='/usr/bin/grep -F'
GREP='/usr/bin/grep'
HAVE_CBLOCKS_FALSE='#'
HAVE_CBLOCKS_TRUE=''
HAVE_CORESERVICES_FALSE='#'
HAVE_CORESERVICES_TRUE=''
HAVE_CXXBLOCKS_FALSE='#'
HAVE_CXXBLOCKS_TRUE=''
HAVE_DARWIN_LD_FALSE='#'
HAVE_DARWIN_LD_TRUE=''
HAVE_POSIX_SPAWN_START_SUSPENDED_FALSE='#'
HAVE_POSIX_SPAWN_START_SUSPENDED_TRUE=''
INSTALL_DATA='${INSTALL} -m 644'
INSTALL_PROGRAM='${INSTALL}'
INSTALL_SCRIPT='${INSTALL}'
INSTALL_STRIP_PROGRAM='$(install_sh) -c -s'
KQUEUE_CFLAGS=''
KQUEUE_LIBS=''
LD='/Library/Developer/CommandLineTools/usr/bin/ld'
LDFLAGS=''
LEAKS='/usr/bin/leaks'
LIBOBJS=''
LIBS=''
LIBTOOL='$(SHELL) $(top_builddir)/libtool'
LIPO='lipo'
LN_S='ln -s'
LTLIBOBJS=''
LT_SYS_LIBRARY_PATH=''
MAINT='#'
MAINTAINER_MODE_FALSE=''
MAINTAINER_MODE_TRUE='#'
MAKEINFO='${SHELL} /Users/lichao/Downloads/libdispatch-187.10/config/missing makeinfo'
MANIFEST_TOOL=':'
MARCH_FLAGS=''
MIG='/usr/bin/mig'
MKDIR_P='config/install-sh -c -d'
NM='/usr/bin/nm -B'
NMEDIT='nmedit'
OBJDUMP='objdump'
OBJEXT='o'
OMIT_LEAF_FP_FLAGS='-momit-leaf-frame-pointer'
OTOOL64=':'
OTOOL='otool'
PACKAGE='libdispatch'
PACKAGE_BUGREPORT='libdispatch@macosforge.org'
PACKAGE_NAME='libdispatch'
PACKAGE_STRING='libdispatch 1.1'
PACKAGE_TARNAME='libdispatch'
PACKAGE_URL=''
PACKAGE_VERSION='1.1'
PATH_SEPARATOR=':'
PKG_CONFIG=''
RANLIB='ranlib'
SED='/usr/bin/sed'
SET_MAKE=''
SHELL='/bin/sh'
STRIP='strip'
USE_MIG_FALSE='#'
USE_MIG_TRUE=''
USE_XNU_SOURCE_FALSE=''
USE_XNU_SOURCE_TRUE='#'
VERSION='1.1'
VISIBILITY_FLAGS='-fvisibility=hidden'
ac_ct_AR='ar'
ac_ct_CC='gcc'
ac_ct_CXX='g++'
ac_ct_DUMPBIN=''
am__EXEEXT_FALSE=''
am__EXEEXT_TRUE='#'
am__fastdepCC_FALSE='#'
am__fastdepCC_TRUE=''
am__fastdepCXX_FALSE='#'
am__fastdepCXX_TRUE=''
am__include='include'
am__isrc=''
am__leading_dot='.'
am__nodep='_no'
am__quote=''
am__tar='$${TAR-tar} chof - "$$tardir"'
am__untar='$${TAR-tar} xf -'
bindir='${exec_prefix}/bin'
build='x86_64-apple-darwin17.7.0'
build_alias=''
build_cpu='x86_64'
build_os='darwin17.7.0'
build_vendor='apple'
datadir='${datarootdir}'
datarootdir='${prefix}/share'
docdir='${datarootdir}/doc/${PACKAGE_TARNAME}'
dvidir='${docdir}'
exec_prefix='${prefix}'
host='x86_64-apple-darwin17.7.0'
host_alias=''
host_cpu='x86_64'
host_os='darwin17.7.0'
host_vendor='apple'
htmldir='${docdir}'
includedir='${prefix}/include'
infodir='${datarootdir}/info'
install_sh='${SHELL} /Users/lichao/Downloads/libdispatch-187.10/config/install-sh'
libdir='${exec_prefix}/lib'
libexecdir='${exec_prefix}/libexec'
localedir='${datarootdir}/locale'
localstatedir='${prefix}/var'
mandir='${datarootdir}/man'
mkdir_p='$(MKDIR_P)'
oldincludedir='/usr/include'
pdfdir='${docdir}'
prefix='/usr/local'
program_transform_name='s,x,x,'
psdir='${docdir}'
sbindir='${exec_prefix}/sbin'
sharedstatedir='${prefix}/com'
sysconfdir='${prefix}/etc'
target_alias=''

## ----------- ##
## confdefs.h. ##
## ----------- ##

/* confdefs.h */
#define PACKAGE_NAME "libdispatch"
#define PACKAGE_TARNAME "libdispatch"
#define PACKAGE_VERSION "1.1"
#define PACKAGE_STRING "libdispatch 1.1"
#define PACKAGE_BUGREPORT "libdispatch@macosforge.org"
#define PACKAGE_URL ""
#define USE_LIBDISPATCH_INIT_CONSTRUCTOR 1
#define STDC_HEADERS 1
#define HAVE_SYS_TYPES_H 1
#define HAVE_SYS_STAT_H 1
#define HAVE_STDLIB_H 1
#define HAVE_STRING_H 1
#define HAVE_MEMORY_H 1
#define HAVE_STRINGS_H 1
#define HAVE_INTTYPES_H 1
#define HAVE_STDINT_H 1
#define HAVE_UNISTD_H 1
#define __EXTENSIONS__ 1
#define _ALL_SOURCE 1
#define _GNU_SOURCE 1
#define _POSIX_PTHREAD_SEMANTICS 1
#define _TANDEM_SOURCE 1
#define HAVE_DLFCN_H 1
#define LT_OBJDIR ".libs/"
#define HAVE_LEAKS 1
#define PACKAGE "libdispatch"
#define VERSION "1.1"
#define STDC_HEADERS 1
#define HAVE_TARGETCONDITIONALS_H 1
#define HAVE_MALLOC_MALLOC_H 1
#define HAVE_LIBKERN_OSATOMIC_H 1
#define HAVE_MACH 1
#define __DARWIN_NON_CANCELABLE 1
#define HAVE_DECL_CLOCK_UPTIME 0
#define HAVE_DECL_CLOCK_MONOTONIC 1
#define HAVE_DECL_NOTE_NONE 1
#define HAVE_DECL_NOTE_REAP 1
#define HAVE_DECL_NOTE_SIGNAL 1
#define HAVE_DECL_FD_COPY 1
#define HAVE_DECL_SIGEMT 1
#define HAVE_DECL_VQ_UPDATE 1
#define HAVE_DECL_VQ_VERYLOWDISK 1
#define HAVE_DECL_PROGRAM_INVOCATION_SHORT_NAME 0
#define HAVE_PTHREAD_KEY_INIT_NP 1
#define HAVE_PTHREAD_MAIN_NP 1
#define HAVE_MACH_ABSOLUTE_TIME 1
#define HAVE_MALLOC_CREATE_ZONE 1
#define HAVE_SYSCONF 1
#define HAVE_GETPROGNAME 1
#define HAVE_DECL_POSIX_SPAWN_START_SUSPENDED 1
#define USE_MACH_SEM 1
#define HAVE_SYS_CDEFS_H 1
#define HAVE_NORETURN_BUILTIN_TRAP 1

configure: exit 0
